<?xml version="1.0" encoding="UTF-8"?>
<testng-results skipped="0" failed="0" ignored="0" total="1" passed="1">
  <reporter-output>
  </reporter-output>
  <suite name="Default suite" duration-ms="53614" started-at="2023-02-07T08:04:05 IST" finished-at="2023-02-07T08:04:58 IST">
    <groups>
    </groups>
    <test name="Default test" duration-ms="53614" started-at="2023-02-07T08:04:05 IST" finished-at="2023-02-07T08:04:58 IST">
      <class name="script.TC5">
        <test-method status="PASS" signature="OpenApp()[pri:0, instance:script.TC5@2c039ac6]" name="OpenApp" is-config="true" duration-ms="41327" started-at="2023-02-07T08:04:05 IST" finished-at="2023-02-07T08:04:46 IST">
          <reporter-output>
          </reporter-output>
        </test-method> <!-- OpenApp -->
        <test-method status="PASS" signature="testcase5()[pri:0, instance:script.TC5@2c039ac6]" name="testcase5" duration-ms="10994" started-at="2023-02-07T08:04:46 IST" finished-at="2023-02-07T08:04:57 IST">
          <reporter-output>
          </reporter-output>
        </test-method> <!-- testcase5 -->
        <test-method status="PASS" signature="CloseApp(org.testng.ITestResult)[pri:0, instance:script.TC5@2c039ac6]" name="CloseApp" is-config="true" duration-ms="1121" started-at="2023-02-07T08:04:57 IST" finished-at="2023-02-07T08:04:58 IST">
          <params>
            <param index="0">
              <value>
                <![CDATA[[TestResult name=testcase5 status=SUCCESS method=TC5.testcase5()[pri:0, instance:script.TC5@2c039ac6] output={null}]]]>
              </value>
            </param>
          </params>
          <reporter-output>
          </reporter-output>
        </test-method> <!-- CloseApp -->
      </class> <!-- script.TC5 -->
    </test> <!-- Default test -->
  </suite> <!-- Default suite -->
</testng-results>
